<?xml version="1.0" encoding="UTF-8"?>
<testsuite xmlns:xsi="http://www.w3.org/2001/XMLSchema-instance" xsi:noNamespaceSchemaLocation="https://maven.apache.org/surefire/maven-surefire-plugin/xsd/surefire-test-report-3.0.xsd" version="3.0" name="LionTest" time="0.696" tests="4" errors="0" skipped="0" failures="0">
  <properties>
[...]
</properties>
  <testcase name="testDoesHaveMane" classname="LionTest" time="0.651"/>
  <testcase name="testGetFood" classname="LionTest" time="0.018"/>
  <testcase name="testGetKittens" classname="LionTest" time="0.002"/>
  <testcase name="testInvalid" classname="LionTest" time="0.003"/>
</testsuite>